<?xml version="1.0" encoding="UTF-8" ?>
<testsuite errors="1" skipped="0" tests="2250" time="0.032" failures="0" name="org.sonar.Foo">

</testsuite>