<?xml version="1.0" encoding="UTF-8" ?>
<testsuite failures="0" time="157.199" errors="18" skipped="0" tests="13025"
           name="org.apache.commons.collections.TestAllPackages">
  <properties>
    <property name="java.runtime.name" value="Java(TM) SE Runtime Environment"/>
    <property name="sun.boot.library.path"
              value="/System/Library/Frameworks/JavaVM.framework/Versions/1.6.0/Libraries"/>
    <property name="java.vm.version" value="11.3-b02-83"/>
  </properties>
  <testcase time="0.012" classname="org.apache.commons.collections.bidimap.AbstractTestBidiMap"
            name="testMapEntrySetIteratorEntrySetValueCrossCheck"/>
  <testcase time="0.001" classname="org.apache.commons.collections.bidimap.AbstractTestBidiMap"
            name="testMapEntrySetIteratorEntry"/>
  <testcase time="0.001" classname="org.apache.commons.collections.bidimap.AbstractTestBidiMap$TestBidiMapEntrySet"
            name="testCanonicalEmptyCollectionExists"/>
  <testcase time="0" classname="org.apache.commons.collections.bidimap.AbstractTestBidiMap$TestBidiMapEntrySet"
            name="testCanonicalFullCollectionExists"/>
  <testcase time="0.03" classname="org.apache.commons.collections.bidimap.AbstractTestBidiMap$TestInverseBidiMap"
            name="testMapPut"/>
  <testcase time="0" classname="org.apache.commons.collections.bidimap.AbstractTestBidiMap$TestInverseBidiMap"
            name="testMapPutNullKey"/>
  <testcase time="0.001" classname="org.apache.commons.collections.bidimap.AbstractTestBidiMap$TestInverseBidiMap"
            name="testMapPutNullValue">
    <error
        message="org.apache.commons.collections.FastArrayList; local class incompatible: stream classdesc serialVersionUID = 1566341225434603896, local class serialVersionUID = 7918928878747177577"
        type="java.io.InvalidClassException">java.io.InvalidClassException:
      org.apache.commons.collections.FastArrayList;
      local class incompatible: stream classdesc serialVersionUID = 1566341225434603896, local class serialVersionUID =
      7918928878747177577
      at java.io.ObjectStreamClass.initNonProxy(ObjectStreamClass.java:562)
      at java.io.ObjectInputStream.readNonProxyDesc(ObjectInputStream.java:1583)
      at java.io.ObjectInputStream.readClassDesc(ObjectInputStream.java:1496)
      at java.io.ObjectInputStream.readOrdinaryObject(ObjectInputStream.java:1732)
      at java.io.ObjectInputStream.readObject0(ObjectInputStream.java:1329)
      at java.io.ObjectInputStream.readObject(ObjectInputStream.java:351)
      at org.apache.commons.collections.AbstractTestObject.readExternalFormFromStream(AbstractTestObject.java:326)
      at org.apache.commons.collections.AbstractTestObject.readExternalFormFromDisk(AbstractTestObject.java:301)
      at org.apache.commons.collections.list.AbstractTestList.testEmptyListCompatibility(AbstractTestList.java:1077)
      at sun.reflect.NativeMethodAccessorImpl.invoke0(Native Method)
      at sun.reflect.NativeMethodAccessorImpl.invoke(NativeMethodAccessorImpl.java:39)
      at sun.reflect.DelegatingMethodAccessorImpl.invoke(DelegatingMethodAccessorImpl.java:25)
      at java.lang.reflect.Method.invoke(Method.java:597)
      at junit.framework.TestCase.runTest(TestCase.java:154)
      at junit.framework.TestCase.runBare(TestCase.java:127)
      at junit.framework.TestResult$1.protect(TestResult.java:106)
      at junit.framework.TestResult.runProtected(TestResult.java:124)
      at junit.framework.TestResult.run(TestResult.java:109)
      at junit.framework.TestCase.run(TestCase.java:118)
      at junit.framework.TestSuite.runTest(TestSuite.java:208)
      at junit.framework.TestSuite.run(TestSuite.java:203)
      at junit.framework.TestSuite.runTest(TestSuite.java:208)
      at junit.framework.TestSuite.run(TestSuite.java:203)
      at junit.framework.TestSuite.runTest(TestSuite.java:208)
      at junit.framework.TestSuite.run(TestSuite.java:203)
      at sun.reflect.NativeMethodAccessorImpl.invoke0(Native Method)
      at sun.reflect.NativeMethodAccessorImpl.invoke(NativeMethodAccessorImpl.java:39)
      at sun.reflect.DelegatingMethodAccessorImpl.invoke(DelegatingMethodAccessorImpl.java:25)
      at java.lang.reflect.Method.invoke(Method.java:597)
      at org.apache.maven.surefire.junit.JUnitTestSet.execute(JUnitTestSet.java:213)
      at org.apache.maven.surefire.suite.AbstractDirectoryTestSuite.executeTestSet(AbstractDirectoryTestSuite.java:140)
      at org.apache.maven.surefire.suite.AbstractDirectoryTestSuite.execute(AbstractDirectoryTestSuite.java:127)
      at org.apache.maven.surefire.Surefire.run(Surefire.java:177)
      at sun.reflect.NativeMethodAccessorImpl.invoke0(Native Method)
      at sun.reflect.NativeMethodAccessorImpl.invoke(NativeMethodAccessorImpl.java:39)
      at sun.reflect.DelegatingMethodAccessorImpl.invoke(DelegatingMethodAccessorImpl.java:25)
      at java.lang.reflect.Method.invoke(Method.java:597)
      at org.apache.maven.surefire.booter.SurefireBooter.runSuitesInProcess(SurefireBooter.java:345)
      at org.apache.maven.surefire.booter.SurefireBooter.main(SurefireBooter.java:1009)
    </error>
  </testcase>
</testsuite>