<?xml version="1.0" encoding="UTF-8"?>
<testsuite xmlns:xsi="http://www.w3.org/2001/XMLSchema-instance" xsi:noNamespaceSchemaLocation="https://maven.apache.org/surefire/maven-surefire-plugin/xsd/surefire-test-report-3.0.xsd" version="3.0" name="MyTest(Run2)" time="1.022" tests="2" errors="0" skipped="1" failures="0">
  <properties>
    <property name="sun.desktop" value="gnome"/>
    <property name="awt.toolkit" value="sun.awt.X11.XToolkit"/>
    <property name="java.specification.version" value="11"/>
    <property name="sun.cpu.isalist" value=""/>
    <property name="sonar.host.url" value="http://127.0.0.1:36205"/>
    <property name="sun.jnu.encoding" value="UTF-8"/>
    <property name="java.class.path" value="/home/jbeleites/sdev/sonar-kotlin/its/plugin/projects/tests-with-submodule/target/test-classes:/home/jbeleites/sdev/sonar-kotlin/its/plugin/projects/tests-with-submodule/target/classes:/home/jbeleites/.m2/repository/org/jetbrains/kotlin/kotlin-stdlib/1.4.10/kotlin-stdlib-1.4.10.jar:/home/jbeleites/.m2/repository/org/jetbrains/kotlin/kotlin-stdlib-common/1.4.10/kotlin-stdlib-common-1.4.10.jar:/home/jbeleites/.m2/repository/org/jetbrains/annotations/13.0/annotations-13.0.jar:/home/jbeleites/.m2/repository/junit/junit/4.11/junit-4.11.jar:/home/jbeleites/.m2/repository/org/hamcrest/hamcrest-core/1.3/hamcrest-core-1.3.jar:"/>
    <property name="java.vm.vendor" value="Ubuntu"/>
    <property name="sun.arch.data.model" value="64"/>
    <property name="java.vendor.url" value="https://ubuntu.com/"/>
    <property name="user.timezone" value=""/>
    <property name="java.vm.specification.version" value="11"/>
    <property name="os.name" value="Linux"/>
    <property name="sun.java.launcher" value="SUN_STANDARD"/>
    <property name="user.country" value="US"/>
    <property name="sun.boot.library.path" value="/usr/lib/jvm/java-11-openjdk-amd64/lib"/>
    <property name="sun.java.command" value="/home/jbeleites/sdev/sonar-kotlin/its/plugin/projects/tests-with-submodule/target/surefire/surefirebooter2584077196610753618.jar /home/jbeleites/sdev/sonar-kotlin/its/plugin/projects/tests-with-submodule/target/surefire 2021-11-24T11-32-10_827-jvmRun1 surefire8447642471097676134tmp surefire_012275254703860328800tmp"/>
    <property name="jdk.debug" value="release"/>
    <property name="surefire.test.class.path" value="/home/jbeleites/sdev/sonar-kotlin/its/plugin/projects/tests-with-submodule/target/test-classes:/home/jbeleites/sdev/sonar-kotlin/its/plugin/projects/tests-with-submodule/target/classes:/home/jbeleites/.m2/repository/org/jetbrains/kotlin/kotlin-stdlib/1.4.10/kotlin-stdlib-1.4.10.jar:/home/jbeleites/.m2/repository/org/jetbrains/kotlin/kotlin-stdlib-common/1.4.10/kotlin-stdlib-common-1.4.10.jar:/home/jbeleites/.m2/repository/org/jetbrains/annotations/13.0/annotations-13.0.jar:/home/jbeleites/.m2/repository/junit/junit/4.11/junit-4.11.jar:/home/jbeleites/.m2/repository/org/hamcrest/hamcrest-core/1.3/hamcrest-core-1.3.jar:"/>
    <property name="sun.cpu.endian" value="little"/>
    <property name="user.home" value="/home/jbeleites"/>
    <property name="user.language" value="en"/>
    <property name="java.specification.vendor" value="Oracle Corporation"/>
    <property name="java.version.date" value="2021-04-20"/>
    <property name="java.home" value="/usr/lib/jvm/java-11-openjdk-amd64"/>
    <property name="file.separator" value="/"/>
    <property name="basedir" value="/home/jbeleites/sdev/sonar-kotlin/its/plugin/projects/tests-with-submodule"/>
    <property name="java.vm.compressedOopsMode" value="Zero based"/>
    <property name="line.separator" value="&#10;"/>
    <property name="java.specification.name" value="Java Platform API Specification"/>
    <property name="java.vm.specification.vendor" value="Oracle Corporation"/>
    <property name="java.awt.graphicsenv" value="sun.awt.X11GraphicsEnvironment"/>
    <property name="surefire.reportNameSuffix" value="Run2"/>
    <property name="sonar.scm.disabled" value="true"/>
    <property name="surefire.real.class.path" value="/home/jbeleites/sdev/sonar-kotlin/its/plugin/projects/tests-with-submodule/target/surefire/surefirebooter2584077196610753618.jar"/>
    <property name="sonar.branch.autoconfig.disabled" value="true"/>
    <property name="sun.management.compiler" value="HotSpot 64-Bit Tiered Compilers"/>
    <property name="java.runtime.version" value="11.0.11+9-Ubuntu-0ubuntu2"/>
    <property name="user.name" value="jbeleites"/>
    <property name="path.separator" value=":"/>
    <property name="os.version" value="5.11.0-40-generic"/>
    <property name="java.runtime.name" value="OpenJDK Runtime Environment"/>
    <property name="file.encoding" value="UTF-8"/>
    <property name="java.vm.name" value="OpenJDK 64-Bit Server VM"/>
    <property name="localRepository" value="/home/jbeleites/.m2/repository"/>
    <property name="java.vendor.url.bug" value="https://bugs.launchpad.net/ubuntu/+source/openjdk-lts"/>
    <property name="java.io.tmpdir" value="/tmp"/>
    <property name="java.version" value="11.0.11"/>
    <property name="user.dir" value="/home/jbeleites/sdev/sonar-kotlin/its/plugin/projects/tests-with-submodule"/>
    <property name="os.arch" value="amd64"/>
    <property name="java.vm.specification.name" value="Java Virtual Machine Specification"/>
    <property name="java.awt.printerjob" value="sun.print.PSPrinterJob"/>
    <property name="sun.os.patch.level" value="unknown"/>
    <property name="java.library.path" value="/usr/java/packages/lib:/usr/lib/x86_64-linux-gnu/jni:/lib/x86_64-linux-gnu:/usr/lib/x86_64-linux-gnu:/usr/lib/jni:/lib:/usr/lib"/>
    <property name="java.vm.info" value="mixed mode, sharing"/>
    <property name="java.vendor" value="Ubuntu"/>
    <property name="java.vm.version" value="11.0.11+9-Ubuntu-0ubuntu2"/>
    <property name="sun.io.unicode.encoding" value="UnicodeLittle"/>
    <property name="java.class.version" value="55.0"/>
  </properties>
  <testcase name="success" classname="MyTest(Run2)" time="1.003"/>
  <testcase name="ignored" classname="MyTest(Run2)" time="0">
    <skipped/>
  </testcase>
</testsuite>